{"/Users/rehanali/microservices/auth/src/app.js": {"path":"/Users/rehanali/microservices/auth/src/app.js","statementMap":{"0":{"start":{"line":1,"column":16},"end":{"line":1,"column":34}},"1":{"start":{"line":2,"column":21},"end":{"line":2,"column":45}},"2":{"start":{"line":4,"column":19},"end":{"line":4,"column":49}},"3":{"start":{"line":6,"column":12},"end":{"line":6,"column":21}},"4":{"start":{"line":7,"column":0},"end":{"line":7,"column":24}},"5":{"start":{"line":8,"column":0},"end":{"line":8,"column":24}},"6":{"start":{"line":10,"column":0},"end":{"line":12,"column":3}},"7":{"start":{"line":11,"column":2},"end":{"line":11,"column":28}},"8":{"start":{"line":14,"column":0},"end":{"line":14,"column":33}},"9":{"start":{"line":17,"column":0},"end":{"line":17,"column":21}}},"fnMap":{"0":{"name":"(anonymous_0)","decl":{"start":{"line":10,"column":13},"end":{"line":10,"column":14}},"loc":{"start":{"line":10,"column":27},"end":{"line":12,"column":1}},"line":10}},"branchMap":{},"s":{"0":1,"1":1,"2":1,"3":1,"4":1,"5":1,"6":1,"7":0,"8":1,"9":1},"f":{"0":0},"b":{},"_coverageSchema":"1a1c01bbd47fc00a2c39e90264f33305004495a9","hash":"fb33a821e7ac96415b2eee75169c4a4cea75d6dc"}
,"/Users/rehanali/microservices/auth/src/controllers/auth.controller.js": {"path":"/Users/rehanali/microservices/auth/src/controllers/auth.controller.js","statementMap":{"0":{"start":{"line":1,"column":18},"end":{"line":1,"column":49}},"1":{"start":{"line":2,"column":15},"end":{"line":2,"column":34}},"2":{"start":{"line":3,"column":12},"end":{"line":3,"column":35}},"3":{"start":{"line":5,"column":14},"end":{"line":5,"column":36}},"4":{"start":{"line":7,"column":31},"end":{"line":68,"column":1}},"5":{"start":{"line":14,"column":6},"end":{"line":14,"column":14}},"6":{"start":{"line":16,"column":24},"end":{"line":18,"column":4}},"7":{"start":{"line":20,"column":2},"end":{"line":24,"column":3}},"8":{"start":{"line":21,"column":4},"end":{"line":23,"column":7}},"9":{"start":{"line":26,"column":2},"end":{"line":67,"column":3}},"10":{"start":{"line":27,"column":27},"end":{"line":27,"column":58}},"11":{"start":{"line":28,"column":17},"end":{"line":37,"column":6}},"12":{"start":{"line":39,"column":18},"end":{"line":48,"column":5}},"13":{"start":{"line":50,"column":4},"end":{"line":54,"column":7}},"14":{"start":{"line":56,"column":4},"end":{"line":60,"column":7}},"15":{"start":{"line":62,"column":4},"end":{"line":62,"column":23}},"16":{"start":{"line":64,"column":4},"end":{"line":66,"column":7}},"17":{"start":{"line":70,"column":28},"end":{"line":129,"column":1}},"18":{"start":{"line":71,"column":40},"end":{"line":71,"column":48}},"19":{"start":{"line":73,"column":2},"end":{"line":128,"column":3}},"20":{"start":{"line":74,"column":17},"end":{"line":78,"column":26}},"21":{"start":{"line":80,"column":4},"end":{"line":84,"column":5}},"22":{"start":{"line":81,"column":6},"end":{"line":83,"column":9}},"23":{"start":{"line":86,"column":30},"end":{"line":86,"column":75}},"24":{"start":{"line":88,"column":4},"end":{"line":92,"column":5}},"25":{"start":{"line":89,"column":6},"end":{"line":91,"column":9}},"26":{"start":{"line":94,"column":18},"end":{"line":103,"column":5}},"27":{"start":{"line":105,"column":4},"end":{"line":109,"column":7}},"28":{"start":{"line":111,"column":4},"end":{"line":121,"column":7}},"29":{"start":{"line":123,"column":4},"end":{"line":123,"column":23}},"30":{"start":{"line":125,"column":4},"end":{"line":127,"column":7}},"31":{"start":{"line":131,"column":26},"end":{"line":136,"column":1}},"32":{"start":{"line":132,"column":2},"end":{"line":135,"column":5}},"33":{"start":{"line":138,"column":29},"end":{"line":153,"column":1}},"34":{"start":{"line":139,"column":16},"end":{"line":139,"column":33}},"35":{"start":{"line":141,"column":2},"end":{"line":143,"column":3}},"36":{"start":{"line":142,"column":4},"end":{"line":142,"column":72}},"37":{"start":{"line":145,"column":2},"end":{"line":148,"column":5}},"38":{"start":{"line":150,"column":2},"end":{"line":152,"column":5}},"39":{"start":{"line":155,"column":34},"end":{"line":160,"column":1}},"40":{"start":{"line":156,"column":2},"end":{"line":159,"column":5}},"41":{"start":{"line":162,"column":33},"end":{"line":194,"column":1}},"42":{"start":{"line":163,"column":13},"end":{"line":163,"column":25}},"43":{"start":{"line":165,"column":63},"end":{"line":165,"column":71}},"44":{"start":{"line":167,"column":15},"end":{"line":182,"column":3}},"45":{"start":{"line":184,"column":2},"end":{"line":188,"column":3}},"46":{"start":{"line":185,"column":4},"end":{"line":187,"column":7}},"47":{"start":{"line":190,"column":2},"end":{"line":193,"column":5}},"48":{"start":{"line":196,"column":36},"end":{"line":239,"column":1}},"49":{"start":{"line":197,"column":17},"end":{"line":197,"column":29}},"50":{"start":{"line":198,"column":24},"end":{"line":198,"column":34}},"51":{"start":{"line":200,"column":25},"end":{"line":203,"column":4}},"52":{"start":{"line":205,"column":2},"end":{"line":209,"column":3}},"53":{"start":{"line":206,"column":4},"end":{"line":208,"column":7}},"54":{"start":{"line":211,"column":15},"end":{"line":217,"column":3}},"55":{"start":{"line":219,"column":2},"end":{"line":223,"column":3}},"56":{"start":{"line":220,"column":4},"end":{"line":222,"column":7}},"57":{"start":{"line":225,"column":23},"end":{"line":227,"column":3}},"58":{"start":{"line":226,"column":14},"end":{"line":226,"column":47}},"59":{"start":{"line":229,"column":2},"end":{"line":233,"column":3}},"60":{"start":{"line":230,"column":4},"end":{"line":232,"column":7}},"61":{"start":{"line":235,"column":2},"end":{"line":238,"column":5}},"62":{"start":{"line":241,"column":0},"end":{"line":249,"column":2}}},"fnMap":{"0":{"name":"(anonymous_0)","decl":{"start":{"line":7,"column":31},"end":{"line":7,"column":32}},"loc":{"start":{"line":7,"column":51},"end":{"line":68,"column":1}},"line":7},"1":{"name":"(anonymous_1)","decl":{"start":{"line":70,"column":28},"end":{"line":70,"column":29}},"loc":{"start":{"line":70,"column":48},"end":{"line":129,"column":1}},"line":70},"2":{"name":"(anonymous_2)","decl":{"start":{"line":131,"column":26},"end":{"line":131,"column":27}},"loc":{"start":{"line":131,"column":46},"end":{"line":136,"column":1}},"line":131},"3":{"name":"(anonymous_3)","decl":{"start":{"line":138,"column":29},"end":{"line":138,"column":30}},"loc":{"start":{"line":138,"column":49},"end":{"line":153,"column":1}},"line":138},"4":{"name":"(anonymous_4)","decl":{"start":{"line":155,"column":34},"end":{"line":155,"column":35}},"loc":{"start":{"line":155,"column":54},"end":{"line":160,"column":1}},"line":155},"5":{"name":"(anonymous_5)","decl":{"start":{"line":162,"column":33},"end":{"line":162,"column":34}},"loc":{"start":{"line":162,"column":53},"end":{"line":194,"column":1}},"line":162},"6":{"name":"(anonymous_6)","decl":{"start":{"line":196,"column":36},"end":{"line":196,"column":37}},"loc":{"start":{"line":196,"column":56},"end":{"line":239,"column":1}},"line":196},"7":{"name":"(anonymous_7)","decl":{"start":{"line":226,"column":4},"end":{"line":226,"column":5}},"loc":{"start":{"line":226,"column":14},"end":{"line":226,"column":47}},"line":226}},"branchMap":{"0":{"loc":{"start":{"line":20,"column":2},"end":{"line":24,"column":3}},"type":"if","locations":[{"start":{"line":20,"column":2},"end":{"line":24,"column":3}},{"start":{},"end":{}}],"line":20},"1":{"loc":{"start":{"line":36,"column":12},"end":{"line":36,"column":26}},"type":"binary-expr","locations":[{"start":{"line":36,"column":12},"end":{"line":36,"column":16}},{"start":{"line":36,"column":20},"end":{"line":36,"column":26}}],"line":36},"2":{"loc":{"start":{"line":80,"column":4},"end":{"line":84,"column":5}},"type":"if","locations":[{"start":{"line":80,"column":4},"end":{"line":84,"column":5}},{"start":{},"end":{}}],"line":80},"3":{"loc":{"start":{"line":88,"column":4},"end":{"line":92,"column":5}},"type":"if","locations":[{"start":{"line":88,"column":4},"end":{"line":92,"column":5}},{"start":{},"end":{}}],"line":88},"4":{"loc":{"start":{"line":141,"column":2},"end":{"line":143,"column":3}},"type":"if","locations":[{"start":{"line":141,"column":2},"end":{"line":143,"column":3}},{"start":{},"end":{}}],"line":141},"5":{"loc":{"start":{"line":184,"column":2},"end":{"line":188,"column":3}},"type":"if","locations":[{"start":{"line":184,"column":2},"end":{"line":188,"column":3}},{"start":{},"end":{}}],"line":184},"6":{"loc":{"start":{"line":205,"column":2},"end":{"line":209,"column":3}},"type":"if","locations":[{"start":{"line":205,"column":2},"end":{"line":209,"column":3}},{"start":{},"end":{}}],"line":205},"7":{"loc":{"start":{"line":219,"column":2},"end":{"line":223,"column":3}},"type":"if","locations":[{"start":{"line":219,"column":2},"end":{"line":223,"column":3}},{"start":{},"end":{}}],"line":219},"8":{"loc":{"start":{"line":229,"column":2},"end":{"line":233,"column":3}},"type":"if","locations":[{"start":{"line":229,"column":2},"end":{"line":233,"column":3}},{"start":{},"end":{}}],"line":229}},"s":{"0":1,"1":1,"2":1,"3":1,"4":1,"5":8,"6":8,"7":8,"8":1,"9":7,"10":7,"11":7,"12":7,"13":7,"14":7,"15":0,"16":0,"17":1,"18":2,"19":2,"20":2,"21":2,"22":0,"23":2,"24":2,"25":1,"26":1,"27":1,"28":1,"29":0,"30":0,"31":1,"32":1,"33":1,"34":2,"35":2,"36":2,"37":2,"38":2,"39":1,"40":1,"41":1,"42":1,"43":1,"44":1,"45":1,"46":0,"47":1,"48":1,"49":1,"50":1,"51":1,"52":1,"53":0,"54":1,"55":1,"56":0,"57":1,"58":0,"59":1,"60":0,"61":1,"62":1},"f":{"0":8,"1":2,"2":1,"3":2,"4":1,"5":1,"6":1,"7":0},"b":{"0":[1,7],"1":[7,7],"2":[0,2],"3":[1,1],"4":[2,0],"5":[0,1],"6":[0,1],"7":[0,1],"8":[0,1]},"_coverageSchema":"1a1c01bbd47fc00a2c39e90264f33305004495a9","hash":"d449fad3e30f7a2672938ad07c7f7e0cd6c194d3"}
,"/Users/rehanali/microservices/auth/src/middlewares/auth.middleware.js": {"path":"/Users/rehanali/microservices/auth/src/middlewares/auth.middleware.js","statementMap":{"0":{"start":{"line":1,"column":18},"end":{"line":1,"column":49}},"1":{"start":{"line":2,"column":12},"end":{"line":2,"column":35}},"2":{"start":{"line":3,"column":14},"end":{"line":3,"column":36}},"3":{"start":{"line":5,"column":23},"end":{"line":61,"column":1}},"4":{"start":{"line":6,"column":16},"end":{"line":6,"column":33}},"5":{"start":{"line":8,"column":2},"end":{"line":10,"column":3}},"6":{"start":{"line":9,"column":4},"end":{"line":9,"column":72}},"7":{"start":{"line":12,"column":2},"end":{"line":60,"column":3}},"8":{"start":{"line":14,"column":26},"end":{"line":14,"column":63}},"9":{"start":{"line":16,"column":4},"end":{"line":25,"column":5}},"10":{"start":{"line":18,"column":6},"end":{"line":21,"column":9}},"11":{"start":{"line":22,"column":6},"end":{"line":24,"column":72}},"12":{"start":{"line":28,"column":20},"end":{"line":28,"column":61}},"13":{"start":{"line":31,"column":17},"end":{"line":31,"column":53}},"14":{"start":{"line":33,"column":4},"end":{"line":40,"column":5}},"15":{"start":{"line":35,"column":6},"end":{"line":38,"column":9}},"16":{"start":{"line":39,"column":6},"end":{"line":39,"column":80}},"17":{"start":{"line":42,"column":4},"end":{"line":42,"column":20}},"18":{"start":{"line":43,"column":4},"end":{"line":43,"column":11}},"19":{"start":{"line":46,"column":4},"end":{"line":49,"column":7}},"20":{"start":{"line":51,"column":4},"end":{"line":59,"column":5}},"21":{"start":{"line":52,"column":6},"end":{"line":52,"column":79}},"22":{"start":{"line":53,"column":11},"end":{"line":59,"column":5}},"23":{"start":{"line":54,"column":6},"end":{"line":54,"column":79}},"24":{"start":{"line":56,"column":6},"end":{"line":58,"column":67}},"25":{"start":{"line":63,"column":0},"end":{"line":63,"column":36}}},"fnMap":{"0":{"name":"(anonymous_0)","decl":{"start":{"line":5,"column":23},"end":{"line":5,"column":24}},"loc":{"start":{"line":5,"column":49},"end":{"line":61,"column":1}},"line":5}},"branchMap":{"0":{"loc":{"start":{"line":8,"column":2},"end":{"line":10,"column":3}},"type":"if","locations":[{"start":{"line":8,"column":2},"end":{"line":10,"column":3}},{"start":{},"end":{}}],"line":8},"1":{"loc":{"start":{"line":16,"column":4},"end":{"line":25,"column":5}},"type":"if","locations":[{"start":{"line":16,"column":4},"end":{"line":25,"column":5}},{"start":{},"end":{}}],"line":16},"2":{"loc":{"start":{"line":33,"column":4},"end":{"line":40,"column":5}},"type":"if","locations":[{"start":{"line":33,"column":4},"end":{"line":40,"column":5}},{"start":{},"end":{}}],"line":33},"3":{"loc":{"start":{"line":51,"column":4},"end":{"line":59,"column":5}},"type":"if","locations":[{"start":{"line":51,"column":4},"end":{"line":59,"column":5}},{"start":{"line":53,"column":11},"end":{"line":59,"column":5}}],"line":51},"4":{"loc":{"start":{"line":53,"column":11},"end":{"line":59,"column":5}},"type":"if","locations":[{"start":{"line":53,"column":11},"end":{"line":59,"column":5}},{"start":{"line":55,"column":11},"end":{"line":59,"column":5}}],"line":53}},"s":{"0":1,"1":1,"2":1,"3":1,"4":8,"5":8,"6":1,"7":7,"8":7,"9":7,"10":2,"11":2,"12":5,"13":4,"14":4,"15":0,"16":0,"17":4,"18":4,"19":1,"20":1,"21":0,"22":1,"23":1,"24":0,"25":1},"f":{"0":8},"b":{"0":[1,7],"1":[2,5],"2":[0,4],"3":[0,1],"4":[1,0]},"_coverageSchema":"1a1c01bbd47fc00a2c39e90264f33305004495a9","hash":"b7b5f7bc58d7eee90b42df52256c5ba92012bb2e"}
,"/Users/rehanali/microservices/auth/src/middlewares/validator.middleware.js": {"path":"/Users/rehanali/microservices/auth/src/middlewares/validator.middleware.js","statementMap":{"0":{"start":{"line":1,"column":35},"end":{"line":1,"column":63}},"1":{"start":{"line":3,"column":37},"end":{"line":11,"column":1}},"2":{"start":{"line":4,"column":17},"end":{"line":4,"column":38}},"3":{"start":{"line":6,"column":2},"end":{"line":8,"column":3}},"4":{"start":{"line":7,"column":4},"end":{"line":7,"column":60}},"5":{"start":{"line":10,"column":2},"end":{"line":10,"column":9}},"6":{"start":{"line":13,"column":31},"end":{"line":44,"column":1}},"7":{"start":{"line":46,"column":28},"end":{"line":54,"column":1}},"8":{"start":{"line":56,"column":30},"end":{"line":89,"column":1}},"9":{"start":{"line":91,"column":0},"end":{"line":95,"column":2}}},"fnMap":{"0":{"name":"(anonymous_0)","decl":{"start":{"line":3,"column":37},"end":{"line":3,"column":38}},"loc":{"start":{"line":3,"column":57},"end":{"line":11,"column":1}},"line":3}},"branchMap":{"0":{"loc":{"start":{"line":6,"column":2},"end":{"line":8,"column":3}},"type":"if","locations":[{"start":{"line":6,"column":2},"end":{"line":8,"column":3}},{"start":{},"end":{}}],"line":6}},"s":{"0":1,"1":1,"2":12,"3":12,"4":1,"5":11,"6":1,"7":1,"8":1,"9":1},"f":{"0":12},"b":{"0":[1,11]},"_coverageSchema":"1a1c01bbd47fc00a2c39e90264f33305004495a9","hash":"8898f44f56250d6267c1d0cb1c8e64db726aa199"}
,"/Users/rehanali/microservices/auth/src/models/user.model.js": {"path":"/Users/rehanali/microservices/auth/src/models/user.model.js","statementMap":{"0":{"start":{"line":1,"column":17},"end":{"line":1,"column":36}},"1":{"start":{"line":3,"column":22},"end":{"line":10,"column":2}},"2":{"start":{"line":12,"column":19},"end":{"line":48,"column":1}},"3":{"start":{"line":50,"column":18},"end":{"line":50,"column":52}},"4":{"start":{"line":52,"column":0},"end":{"line":52,"column":27}}},"fnMap":{},"branchMap":{},"s":{"0":1,"1":1,"2":1,"3":1,"4":1},"f":{},"b":{},"_coverageSchema":"1a1c01bbd47fc00a2c39e90264f33305004495a9","hash":"4e18f4d6c28bfcf345a04fe3e047d8165433d4d5"}
,"/Users/rehanali/microservices/auth/src/routes/auth.route.js": {"path":"/Users/rehanali/microservices/auth/src/routes/auth.route.js","statementMap":{"0":{"start":{"line":1,"column":16},"end":{"line":1,"column":34}},"1":{"start":{"line":3,"column":19},"end":{"line":3,"column":65}},"2":{"start":{"line":4,"column":23},"end":{"line":4,"column":64}},"3":{"start":{"line":6,"column":23},"end":{"line":6,"column":64}},"4":{"start":{"line":8,"column":15},"end":{"line":8,"column":31}},"5":{"start":{"line":10,"column":0},"end":{"line":14,"column":2}},"6":{"start":{"line":16,"column":0},"end":{"line":20,"column":2}},"7":{"start":{"line":22,"column":0},"end":{"line":26,"column":2}},"8":{"start":{"line":28,"column":0},"end":{"line":28,"column":59}},"9":{"start":{"line":30,"column":0},"end":{"line":34,"column":2}},"10":{"start":{"line":36,"column":0},"end":{"line":41,"column":2}},"11":{"start":{"line":43,"column":0},"end":{"line":47,"column":1}},"12":{"start":{"line":49,"column":0},"end":{"line":49,"column":24}}},"fnMap":{},"branchMap":{},"s":{"0":1,"1":1,"2":1,"3":1,"4":1,"5":1,"6":1,"7":1,"8":1,"9":1,"10":1,"11":1,"12":1},"f":{},"b":{},"_coverageSchema":"1a1c01bbd47fc00a2c39e90264f33305004495a9","hash":"14421da8011d1f6ca8ba9c32f19a4a392108469f"}
,"/Users/rehanali/microservices/auth/tests/helpers/redisMock.js": {"path":"/Users/rehanali/microservices/auth/tests/helpers/redisMock.js","statementMap":{"0":{"start":{"line":1,"column":14},"end":{"line":1,"column":23}},"1":{"start":{"line":3,"column":18},"end":{"line":25,"column":1}},"2":{"start":{"line":5,"column":4},"end":{"line":5,"column":18}},"3":{"start":{"line":9,"column":16},"end":{"line":9,"column":30}},"4":{"start":{"line":10,"column":4},"end":{"line":10,"column":51}},"5":{"start":{"line":14,"column":4},"end":{"line":14,"column":26}},"6":{"start":{"line":15,"column":4},"end":{"line":15,"column":16}},"7":{"start":{"line":19,"column":4},"end":{"line":19,"column":29}},"8":{"start":{"line":27,"column":0},"end":{"line":27,"column":27}}},"fnMap":{"0":{"name":"(anonymous_0)","decl":{"start":{"line":4,"column":2},"end":{"line":4,"column":3}},"loc":{"start":{"line":4,"column":11},"end":{"line":6,"column":3}},"line":4},"1":{"name":"(anonymous_1)","decl":{"start":{"line":8,"column":2},"end":{"line":8,"column":3}},"loc":{"start":{"line":8,"column":17},"end":{"line":11,"column":3}},"line":8},"2":{"name":"(anonymous_2)","decl":{"start":{"line":13,"column":2},"end":{"line":13,"column":3}},"loc":{"start":{"line":13,"column":24},"end":{"line":16,"column":3}},"line":13},"3":{"name":"(anonymous_3)","decl":{"start":{"line":18,"column":2},"end":{"line":18,"column":3}},"loc":{"start":{"line":18,"column":17},"end":{"line":20,"column":3}},"line":18},"4":{"name":"(anonymous_4)","decl":{"start":{"line":22,"column":2},"end":{"line":22,"column":3}},"loc":{"start":{"line":22,"column":7},"end":{"line":24,"column":3}},"line":22}},"branchMap":{"0":{"loc":{"start":{"line":10,"column":11},"end":{"line":10,"column":50}},"type":"cond-expr","locations":[{"start":{"line":10,"column":40},"end":{"line":10,"column":44}},{"start":{"line":10,"column":47},"end":{"line":10,"column":50}}],"line":10}},"s":{"0":1,"1":1,"2":10,"3":7,"4":7,"5":2,"6":2,"7":0,"8":1},"f":{"0":10,"1":7,"2":2,"3":0,"4":0},"b":{"0":[5,2]},"_coverageSchema":"1a1c01bbd47fc00a2c39e90264f33305004495a9","hash":"6d5681207f89b938444e47dfce1286b3b2824c4b"}
}
