TN:
SF:src/app.js
FN:10,(anonymous_0)
FNF:1
FNH:0
FNDA:0,(anonymous_0)
DA:1,1
DA:2,1
DA:4,1
DA:6,1
DA:7,1
DA:8,1
DA:10,1
DA:11,0
DA:14,1
DA:17,1
LF:10
LH:9
BRF:0
BRH:0
end_of_record
TN:
SF:src/controllers/auth.controller.js
FN:7,(anonymous_0)
FN:70,(anonymous_1)
FN:131,(anonymous_2)
FN:138,(anonymous_3)
FN:155,(anonymous_4)
FN:162,(anonymous_5)
FN:196,(anonymous_6)
FN:226,(anonymous_7)
FNF:8
FNH:7
FNDA:8,(anonymous_0)
FNDA:2,(anonymous_1)
FNDA:1,(anonymous_2)
FNDA:2,(anonymous_3)
FNDA:1,(anonymous_4)
FNDA:1,(anonymous_5)
FNDA:1,(anonymous_6)
FNDA:0,(anonymous_7)
DA:1,1
DA:2,1
DA:3,1
DA:5,1
DA:7,1
DA:14,8
DA:16,8
DA:20,8
DA:21,1
DA:26,7
DA:27,7
DA:28,7
DA:39,7
DA:50,7
DA:56,7
DA:62,0
DA:64,0
DA:70,1
DA:71,2
DA:73,2
DA:74,2
DA:80,2
DA:81,0
DA:86,2
DA:88,2
DA:89,1
DA:94,1
DA:105,1
DA:111,1
DA:123,0
DA:125,0
DA:131,1
DA:132,1
DA:138,1
DA:139,2
DA:141,2
DA:142,2
DA:145,2
DA:150,2
DA:155,1
DA:156,1
DA:162,1
DA:163,1
DA:165,1
DA:167,1
DA:184,1
DA:185,0
DA:190,1
DA:196,1
DA:197,1
DA:198,1
DA:200,1
DA:205,1
DA:206,0
DA:211,1
DA:219,1
DA:220,0
DA:225,1
DA:226,0
DA:229,1
DA:230,0
DA:235,1
DA:241,1
LF:63
LH:53
BRDA:20,0,0,1
BRDA:20,0,1,7
BRDA:36,1,0,7
BRDA:36,1,1,7
BRDA:80,2,0,0
BRDA:80,2,1,2
BRDA:88,3,0,1
BRDA:88,3,1,1
BRDA:141,4,0,2
BRDA:141,4,1,0
BRDA:184,5,0,0
BRDA:184,5,1,1
BRDA:205,6,0,0
BRDA:205,6,1,1
BRDA:219,7,0,0
BRDA:219,7,1,1
BRDA:229,8,0,0
BRDA:229,8,1,1
BRF:18
BRH:12
end_of_record
TN:
SF:src/middlewares/auth.middleware.js
FN:5,(anonymous_0)
FNF:1
FNH:1
FNDA:8,(anonymous_0)
DA:1,1
DA:2,1
DA:3,1
DA:5,1
DA:6,8
DA:8,8
DA:9,1
DA:12,7
DA:14,7
DA:16,7
DA:18,2
DA:22,2
DA:28,5
DA:31,4
DA:33,4
DA:35,0
DA:39,0
DA:42,4
DA:43,4
DA:46,1
DA:51,1
DA:52,0
DA:53,1
DA:54,1
DA:56,0
DA:63,1
LF:26
LH:22
BRDA:8,0,0,1
BRDA:8,0,1,7
BRDA:16,1,0,2
BRDA:16,1,1,5
BRDA:33,2,0,0
BRDA:33,2,1,4
BRDA:51,3,0,0
BRDA:51,3,1,1
BRDA:53,4,0,1
BRDA:53,4,1,0
BRF:10
BRH:7
end_of_record
TN:
SF:src/middlewares/validator.middleware.js
FN:3,(anonymous_0)
FNF:1
FNH:1
FNDA:12,(anonymous_0)
DA:1,1
DA:3,1
DA:4,12
DA:6,12
DA:7,1
DA:10,11
DA:13,1
DA:46,1
DA:56,1
DA:91,1
LF:10
LH:10
BRDA:6,0,0,1
BRDA:6,0,1,11
BRF:2
BRH:2
end_of_record
TN:
SF:src/models/user.model.js
FNF:0
FNH:0
DA:1,1
DA:3,1
DA:12,1
DA:50,1
DA:52,1
LF:5
LH:5
BRF:0
BRH:0
end_of_record
TN:
SF:src/routes/auth.route.js
FNF:0
FNH:0
DA:1,1
DA:3,1
DA:4,1
DA:6,1
DA:8,1
DA:10,1
DA:16,1
DA:22,1
DA:28,1
DA:30,1
DA:36,1
DA:43,1
DA:49,1
LF:13
LH:13
BRF:0
BRH:0
end_of_record
TN:
SF:tests/helpers/redisMock.js
FN:4,(anonymous_0)
FN:8,(anonymous_1)
FN:13,(anonymous_2)
FN:18,(anonymous_3)
FN:22,(anonymous_4)
FNF:5
FNH:3
FNDA:10,(anonymous_0)
FNDA:7,(anonymous_1)
FNDA:2,(anonymous_2)
FNDA:0,(anonymous_3)
FNDA:0,(anonymous_4)
DA:1,1
DA:3,1
DA:5,10
DA:9,7
DA:10,7
DA:14,2
DA:15,2
DA:19,0
DA:27,1
LF:9
LH:8
BRDA:10,0,0,5
BRDA:10,0,1,2
BRF:2
BRH:2
end_of_record
